2022-10-29 14:59:42 INFO     seed                :0
2022-10-29 14:59:42 INFO     data_path           :./data
2022-10-29 14:59:42 INFO     save_path           :output/transe_fb_mgpu/transe_FB15k_d_400_g_19.9_e_cpu_r_gpu_l_Logsigmoid_lr_0.25_0.25_KGE
2022-10-29 14:59:42 INFO     init_from_ckpt      :None
2022-10-29 14:59:42 INFO     data_name           :FB15k
2022-10-29 14:59:42 INFO     use_dict            :False
2022-10-29 14:59:42 INFO     kv_mode             :kv
2022-10-29 14:59:42 INFO     batch_size          :1000
2022-10-29 14:59:42 INFO     test_batch_size     :16
2022-10-29 14:59:42 INFO     neg_sample_size     :200
2022-10-29 14:59:42 INFO     filter_eval         :True
2022-10-29 14:59:42 INFO     model_name          :transe
2022-10-29 14:59:42 INFO     embed_dim           :400
2022-10-29 14:59:42 INFO     reg_coef            :1e-09
2022-10-29 14:59:42 INFO     loss_type           :Logsigmoid
2022-10-29 14:59:42 INFO     max_steps           :2000000
2022-10-29 14:59:42 INFO     lr                  :0.25
2022-10-29 14:59:42 INFO     optimizer           :adagrad
2022-10-29 14:59:42 INFO     cpu_lr              :0.25
2022-10-29 14:59:42 INFO     cpu_optimizer       :adagrad
2022-10-29 14:59:42 INFO     mix_cpu_gpu         :True
2022-10-29 14:59:42 INFO     async_update        :True
2022-10-29 14:59:42 INFO     valid               :True
2022-10-29 14:59:42 INFO     test                :True
2022-10-29 14:59:42 INFO     task_name           :KGE
2022-10-29 14:59:42 INFO     num_workers         :8
2022-10-29 14:59:42 INFO     neg_sample_type     :chunk
2022-10-29 14:59:42 INFO     neg_deg_sample      :False
2022-10-29 14:59:42 INFO     neg_adversarial_sampling:True
2022-10-29 14:59:42 INFO     adversarial_temperature:1.0
2022-10-29 14:59:42 INFO     filter_sample       :False
2022-10-29 14:59:42 INFO     valid_percent       :1.0
2022-10-29 14:59:42 INFO     use_feature         :False
2022-10-29 14:59:42 INFO     reg_type            :norm_er
2022-10-29 14:59:42 INFO     reg_norm            :3
2022-10-29 14:59:42 INFO     weighted_loss       :False
2022-10-29 14:59:42 INFO     margin              :1.0
2022-10-29 14:59:42 INFO     pairwise            :False
2022-10-29 14:59:42 INFO     gamma               :19.9
2022-10-29 14:59:42 INFO     ote_scale           :0
2022-10-29 14:59:42 INFO     ote_size            :1
2022-10-29 14:59:42 INFO     quate_lmbda1        :0.0
2022-10-29 14:59:42 INFO     quate_lmbda2        :0.0
2022-10-29 14:59:42 INFO     num_epoch           :50
2022-10-29 14:59:42 INFO     scheduler_interval  :-1
2022-10-29 14:59:42 INFO     num_process         :1
2022-10-29 14:59:42 INFO     print_on_screen     :True
2022-10-29 14:59:42 INFO     log_interval        :1000
2022-10-29 14:59:42 INFO     save_interval       :-1
2022-10-29 14:59:42 INFO     eval_interval       :24000
2022-10-29 14:59:42 INFO     ent_emb_on_cpu      :True
2022-10-29 14:59:42 INFO     rel_emb_on_cpu      :False
2022-10-29 14:59:42 INFO     use_embedding_regularization:True
2022-10-29 14:59:42 INFO     ent_dim             :400
2022-10-29 14:59:42 INFO     rel_dim             :400
2022-10-29 14:59:42 INFO     num_chunks          :5
