2022-10-29 14:59:41 INFO     seed                :0
2022-10-29 14:59:41 INFO     data_path           :./data
2022-10-29 14:59:41 INFO     save_path           :output/ote_fb_sgpu/ote_FB15k_d_400_g_15.0_e_gpu_r_gpu_l_Logsigmoid_lr_0.002_0.1_KGE
2022-10-29 14:59:41 INFO     init_from_ckpt      :None
2022-10-29 14:59:41 INFO     data_name           :FB15k
2022-10-29 14:59:41 INFO     use_dict            :False
2022-10-29 14:59:41 INFO     kv_mode             :kv
2022-10-29 14:59:41 INFO     batch_size          :512
2022-10-29 14:59:41 INFO     test_batch_size     :16
2022-10-29 14:59:41 INFO     neg_sample_size     :256
2022-10-29 14:59:41 INFO     filter_eval         :True
2022-10-29 14:59:41 INFO     model_name          :ote
2022-10-29 14:59:41 INFO     embed_dim           :400
2022-10-29 14:59:41 INFO     reg_coef            :0
2022-10-29 14:59:41 INFO     loss_type           :Logsigmoid
2022-10-29 14:59:41 INFO     max_steps           :250000
2022-10-29 14:59:41 INFO     lr                  :0.002
2022-10-29 14:59:41 INFO     optimizer           :adam
2022-10-29 14:59:41 INFO     cpu_lr              :0.1
2022-10-29 14:59:41 INFO     cpu_optimizer       :adagrad
2022-10-29 14:59:41 INFO     mix_cpu_gpu         :False
2022-10-29 14:59:41 INFO     async_update        :False
2022-10-29 14:59:41 INFO     valid               :False
2022-10-29 14:59:41 INFO     test                :True
2022-10-29 14:59:41 INFO     task_name           :KGE
2022-10-29 14:59:41 INFO     num_workers         :0
2022-10-29 14:59:41 INFO     neg_sample_type     :chunk
2022-10-29 14:59:41 INFO     neg_deg_sample      :False
2022-10-29 14:59:41 INFO     neg_adversarial_sampling:True
2022-10-29 14:59:41 INFO     adversarial_temperature:0.5
2022-10-29 14:59:41 INFO     filter_sample       :False
2022-10-29 14:59:41 INFO     valid_percent       :1.0
2022-10-29 14:59:41 INFO     use_feature         :False
2022-10-29 14:59:41 INFO     reg_type            :norm_er
2022-10-29 14:59:41 INFO     reg_norm            :3
2022-10-29 14:59:41 INFO     weighted_loss       :False
2022-10-29 14:59:41 INFO     margin              :1.0
2022-10-29 14:59:41 INFO     pairwise            :False
2022-10-29 14:59:41 INFO     gamma               :15.0
2022-10-29 14:59:41 INFO     ote_scale           :2
2022-10-29 14:59:41 INFO     ote_size            :20
2022-10-29 14:59:41 INFO     quate_lmbda1        :0.0
2022-10-29 14:59:41 INFO     quate_lmbda2        :0.0
2022-10-29 14:59:41 INFO     num_epoch           :1000000
2022-10-29 14:59:41 INFO     scheduler_interval  :25000
2022-10-29 14:59:41 INFO     num_process         :1
2022-10-29 14:59:41 INFO     print_on_screen     :True
2022-10-29 14:59:41 INFO     log_interval        :1000
2022-10-29 14:59:41 INFO     save_interval       :-1
2022-10-29 14:59:41 INFO     eval_interval       :50000
2022-10-29 14:59:41 INFO     ent_emb_on_cpu      :False
2022-10-29 14:59:41 INFO     rel_emb_on_cpu      :False
2022-10-29 14:59:41 INFO     use_embedding_regularization:False
2022-10-29 14:59:41 INFO     ent_dim             :400
2022-10-29 14:59:41 INFO     rel_dim             :8400
2022-10-29 14:59:41 INFO     num_chunks          :2
