2022-10-29 14:59:39 INFO     seed                :0
2022-10-29 14:59:39 INFO     data_path           :./data
2022-10-29 14:59:39 INFO     save_path           :output/complex_fb_sgpu/complex_FB15k_d_400_g_143.0_e_gpu_r_gpu_l_Logsigmoid_lr_0.1_0.1_KGE
2022-10-29 14:59:39 INFO     init_from_ckpt      :None
2022-10-29 14:59:39 INFO     data_name           :FB15k
2022-10-29 14:59:39 INFO     use_dict            :False
2022-10-29 14:59:39 INFO     kv_mode             :kv
2022-10-29 14:59:39 INFO     batch_size          :1000
2022-10-29 14:59:39 INFO     test_batch_size     :16
2022-10-29 14:59:39 INFO     neg_sample_size     :200
2022-10-29 14:59:39 INFO     filter_eval         :True
2022-10-29 14:59:39 INFO     model_name          :complex
2022-10-29 14:59:39 INFO     embed_dim           :400
2022-10-29 14:59:39 INFO     reg_coef            :2e-06
2022-10-29 14:59:39 INFO     loss_type           :Logsigmoid
2022-10-29 14:59:39 INFO     max_steps           :2000000
2022-10-29 14:59:39 INFO     lr                  :0.1
2022-10-29 14:59:39 INFO     optimizer           :adagrad
2022-10-29 14:59:39 INFO     cpu_lr              :0.1
2022-10-29 14:59:39 INFO     cpu_optimizer       :adagrad
2022-10-29 14:59:39 INFO     mix_cpu_gpu         :False
2022-10-29 14:59:39 INFO     async_update        :False
2022-10-29 14:59:39 INFO     valid               :False
2022-10-29 14:59:39 INFO     test                :True
2022-10-29 14:59:39 INFO     task_name           :KGE
2022-10-29 14:59:39 INFO     num_workers         :2
2022-10-29 14:59:39 INFO     neg_sample_type     :chunk
2022-10-29 14:59:39 INFO     neg_deg_sample      :False
2022-10-29 14:59:39 INFO     neg_adversarial_sampling:True
2022-10-29 14:59:39 INFO     adversarial_temperature:1.0
2022-10-29 14:59:39 INFO     filter_sample       :False
2022-10-29 14:59:39 INFO     valid_percent       :1.0
2022-10-29 14:59:39 INFO     use_feature         :False
2022-10-29 14:59:39 INFO     reg_type            :norm_er
2022-10-29 14:59:39 INFO     reg_norm            :3
2022-10-29 14:59:39 INFO     weighted_loss       :False
2022-10-29 14:59:39 INFO     margin              :1.0
2022-10-29 14:59:39 INFO     pairwise            :False
2022-10-29 14:59:39 INFO     gamma               :143.0
2022-10-29 14:59:39 INFO     ote_scale           :0
2022-10-29 14:59:39 INFO     ote_size            :1
2022-10-29 14:59:39 INFO     quate_lmbda1        :0.0
2022-10-29 14:59:39 INFO     quate_lmbda2        :0.0
2022-10-29 14:59:39 INFO     num_epoch           :50
2022-10-29 14:59:39 INFO     scheduler_interval  :-1
2022-10-29 14:59:39 INFO     num_process         :1
2022-10-29 14:59:39 INFO     print_on_screen     :True
2022-10-29 14:59:39 INFO     log_interval        :1000
2022-10-29 14:59:39 INFO     save_interval       :-1
2022-10-29 14:59:39 INFO     eval_interval       :50000
2022-10-29 14:59:39 INFO     ent_emb_on_cpu      :False
2022-10-29 14:59:39 INFO     rel_emb_on_cpu      :False
2022-10-29 14:59:39 INFO     use_embedding_regularization:True
2022-10-29 14:59:39 INFO     ent_dim             :800
2022-10-29 14:59:39 INFO     rel_dim             :800
2022-10-29 14:59:39 INFO     num_chunks          :5
