2022-10-29 14:59:45 INFO     seed                :0
2022-10-29 14:59:45 INFO     data_path           :./data
2022-10-29 14:59:45 INFO     save_path           :output/rotate_fb_mgpu/rotate_FB15k_d_200_g_12.0_e_cpu_r_gpu_l_Logsigmoid_lr_0.009_0.1_KGE
2022-10-29 14:59:45 INFO     init_from_ckpt      :None
2022-10-29 14:59:45 INFO     data_name           :FB15k
2022-10-29 14:59:45 INFO     use_dict            :False
2022-10-29 14:59:45 INFO     kv_mode             :kv
2022-10-29 14:59:45 INFO     batch_size          :2048
2022-10-29 14:59:45 INFO     test_batch_size     :16
2022-10-29 14:59:45 INFO     neg_sample_size     :256
2022-10-29 14:59:45 INFO     filter_eval         :True
2022-10-29 14:59:45 INFO     model_name          :rotate
2022-10-29 14:59:45 INFO     embed_dim           :200
2022-10-29 14:59:45 INFO     reg_coef            :1e-07
2022-10-29 14:59:45 INFO     loss_type           :Logsigmoid
2022-10-29 14:59:45 INFO     max_steps           :2000000
2022-10-29 14:59:45 INFO     lr                  :0.009
2022-10-29 14:59:45 INFO     optimizer           :adam
2022-10-29 14:59:45 INFO     cpu_lr              :0.1
2022-10-29 14:59:45 INFO     cpu_optimizer       :adagrad
2022-10-29 14:59:45 INFO     mix_cpu_gpu         :True
2022-10-29 14:59:45 INFO     async_update        :True
2022-10-29 14:59:45 INFO     valid               :False
2022-10-29 14:59:45 INFO     test                :True
2022-10-29 14:59:45 INFO     task_name           :KGE
2022-10-29 14:59:45 INFO     num_workers         :2
2022-10-29 14:59:45 INFO     neg_sample_type     :chunk
2022-10-29 14:59:45 INFO     neg_deg_sample      :True
2022-10-29 14:59:45 INFO     neg_adversarial_sampling:True
2022-10-29 14:59:45 INFO     adversarial_temperature:1.0
2022-10-29 14:59:45 INFO     filter_sample       :False
2022-10-29 14:59:45 INFO     valid_percent       :1.0
2022-10-29 14:59:45 INFO     use_feature         :False
2022-10-29 14:59:45 INFO     reg_type            :norm_er
2022-10-29 14:59:45 INFO     reg_norm            :3
2022-10-29 14:59:45 INFO     weighted_loss       :False
2022-10-29 14:59:45 INFO     margin              :1.0
2022-10-29 14:59:45 INFO     pairwise            :False
2022-10-29 14:59:45 INFO     gamma               :12.0
2022-10-29 14:59:45 INFO     ote_scale           :0
2022-10-29 14:59:45 INFO     ote_size            :1
2022-10-29 14:59:45 INFO     quate_lmbda1        :0.0
2022-10-29 14:59:45 INFO     quate_lmbda2        :0.0
2022-10-29 14:59:45 INFO     num_epoch           :100
2022-10-29 14:59:45 INFO     scheduler_interval  :-1
2022-10-29 14:59:45 INFO     num_process         :1
2022-10-29 14:59:45 INFO     print_on_screen     :True
2022-10-29 14:59:45 INFO     log_interval        :1000
2022-10-29 14:59:45 INFO     save_interval       :-1
2022-10-29 14:59:45 INFO     eval_interval       :20000
2022-10-29 14:59:45 INFO     ent_emb_on_cpu      :True
2022-10-29 14:59:45 INFO     rel_emb_on_cpu      :False
2022-10-29 14:59:45 INFO     use_embedding_regularization:True
2022-10-29 14:59:45 INFO     ent_dim             :400
2022-10-29 14:59:45 INFO     rel_dim             :200
2022-10-29 14:59:45 INFO     num_chunks          :8
